<?xml version="1.0" encoding="UTF-8"?>
<testsuite name="com.jojoldu.book.springboot.web.IndexControllerTest" tests="1" skipped="0" failures="0" errors="0" timestamp="2021-08-16T12:04:24" hostname="DESKTOP-K0SRSIT" time="0.244">
  <properties/>
  <testcase name="메인페이지_로딩" classname="com.jojoldu.book.springboot.web.IndexControllerTest" time="0.244"/>
  <system-out><![CDATA[2021-08-16 21:04:21.796  INFO 464 --- [    Test worker] .b.t.c.SpringBootTestContextBootstrapper : Neither @ContextConfiguration nor @ContextHierarchy found for test class [com.jojoldu.book.springboot.web.IndexControllerTest], using SpringBootContextLoader
2021-08-16 21:04:21.797  INFO 464 --- [    Test worker] o.s.t.c.support.AbstractContextLoader    : Could not detect default resource locations for test class [com.jojoldu.book.springboot.web.IndexControllerTest]: no resource found for suffixes {-context.xml, Context.groovy}.
2021-08-16 21:04:21.797  INFO 464 --- [    Test worker] t.c.s.AnnotationConfigContextLoaderUtils : Could not detect default configuration classes for test class [com.jojoldu.book.springboot.web.IndexControllerTest]: IndexControllerTest does not declare any static, non-private, non-final, nested classes annotated with @Configuration.
2021-08-16 21:04:21.799  INFO 464 --- [    Test worker] .b.t.c.SpringBootTestContextBootstrapper : Found @SpringBootConfiguration com.jojoldu.book.springboot.Application for test class com.jojoldu.book.springboot.web.IndexControllerTest
2021-08-16 21:04:21.800  INFO 464 --- [    Test worker] .b.t.c.SpringBootTestContextBootstrapper : Loaded default TestExecutionListener class names from location [META-INF/spring.factories]: [org.springframework.security.test.context.support.WithSecurityContextTestExecutionListener, org.springframework.security.test.context.support.ReactorContextTestExecutionListener, org.springframework.boot.test.autoconfigure.restdocs.RestDocsTestExecutionListener, org.springframework.boot.test.autoconfigure.web.client.MockRestServiceServerResetTestExecutionListener, org.springframework.boot.test.autoconfigure.web.servlet.MockMvcPrintOnlyOnFailureTestExecutionListener, org.springframework.boot.test.autoconfigure.web.servlet.WebDriverTestExecutionListener, org.springframework.boot.test.mock.mockito.MockitoTestExecutionListener, org.springframework.boot.test.mock.mockito.ResetMocksTestExecutionListener, org.springframework.test.context.web.ServletTestExecutionListener, org.springframework.test.context.support.DirtiesContextBeforeModesTestExecutionListener, org.springframework.test.context.support.DependencyInjectionTestExecutionListener, org.springframework.test.context.support.DirtiesContextTestExecutionListener, org.springframework.test.context.transaction.TransactionalTestExecutionListener, org.springframework.test.context.jdbc.SqlScriptsTestExecutionListener]
2021-08-16 21:04:21.801  INFO 464 --- [    Test worker] .b.t.c.SpringBootTestContextBootstrapper : Using TestExecutionListeners: [org.springframework.test.context.web.ServletTestExecutionListener@14d125d, org.springframework.test.context.support.DirtiesContextBeforeModesTestExecutionListener@9b2e69f, org.springframework.boot.test.mock.mockito.MockitoTestExecutionListener@daabffc, org.springframework.boot.test.autoconfigure.SpringBootDependencyInjectionTestExecutionListener@5b4af848, org.springframework.test.context.support.DirtiesContextTestExecutionListener@32fcc686, org.springframework.test.context.transaction.TransactionalTestExecutionListener@2c644858, org.springframework.test.context.jdbc.SqlScriptsTestExecutionListener@74e95777, org.springframework.security.test.context.support.WithSecurityContextTestExecutionListener@78ed691a, org.springframework.security.test.context.support.ReactorContextTestExecutionListener@2c714877, org.springframework.boot.test.autoconfigure.restdocs.RestDocsTestExecutionListener@22d9f329, org.springframework.boot.test.autoconfigure.web.client.MockRestServiceServerResetTestExecutionListener@1cb54aea, org.springframework.boot.test.autoconfigure.web.servlet.MockMvcPrintOnlyOnFailureTestExecutionListener@f8355df, org.springframework.boot.test.autoconfigure.web.servlet.WebDriverTestExecutionListener@299786a8, org.springframework.boot.test.mock.mockito.ResetMocksTestExecutionListener@443a6808]

  .   ____          _            __ _ _
 /\\ / ___'_ __ _ _(_)_ __  __ _ \ \ \ \
( ( )\___ | '_ | '_| | '_ \/ _` | \ \ \ \
 \\/  ___)| |_)| | | | | || (_| |  ) ) ) )
  '  |____| .__|_| |_|_| |_\__, | / / / /
 =========|_|==============|___/=/_/_/_/
 :: Spring Boot ::        (v2.1.7.RELEASE)

2021-08-16 21:04:21.834  INFO 464 --- [    Test worker] c.j.b.s.web.IndexControllerTest          : Starting IndexControllerTest on DESKTOP-K0SRSIT with PID 464 (started by 1 in C:\Users\1\Desktop\freelec-springboot2-webservice)
2021-08-16 21:04:21.835  INFO 464 --- [    Test worker] c.j.b.s.web.IndexControllerTest          : No active profile set, falling back to default profiles: default
2021-08-16 21:04:22.069  INFO 464 --- [    Test worker] .s.d.r.c.RepositoryConfigurationDelegate : Bootstrapping Spring Data repositories in DEFAULT mode.
2021-08-16 21:04:22.099  INFO 464 --- [    Test worker] .s.d.r.c.RepositoryConfigurationDelegate : Finished Spring Data repository scanning in 30ms. Found 2 repository interfaces.
2021-08-16 21:04:22.212  INFO 464 --- [    Test worker] trationDelegate$BeanPostProcessorChecker : Bean 'org.springframework.transaction.annotation.ProxyTransactionManagementConfiguration' of type [org.springframework.transaction.annotation.ProxyTransactionManagementConfiguration$$EnhancerBySpringCGLIB$$afa33a33] is not eligible for getting processed by all BeanPostProcessors (for example: not eligible for auto-proxying)
2021-08-16 21:04:22.578  INFO 464 --- [    Test worker] o.s.b.w.embedded.tomcat.TomcatWebServer  : Tomcat initialized with port(s): 0 (http)
2021-08-16 21:04:22.626  INFO 464 --- [    Test worker] o.apache.catalina.core.StandardService   : Starting service [Tomcat]
2021-08-16 21:04:22.626  INFO 464 --- [    Test worker] org.apache.catalina.core.StandardEngine  : Starting Servlet engine: [Apache Tomcat/9.0.22]
2021-08-16 21:04:22.852  INFO 464 --- [    Test worker] o.a.c.c.C.[Tomcat].[localhost].[/]       : Initializing Spring embedded WebApplicationContext
2021-08-16 21:04:22.852  INFO 464 --- [    Test worker] o.s.web.context.ContextLoader            : Root WebApplicationContext: initialization completed in 1015 ms
2021-08-16 21:04:23.036  INFO 464 --- [    Test worker] com.zaxxer.hikari.HikariDataSource       : HikariPool-2 - Starting...
2021-08-16 21:04:23.037  INFO 464 --- [    Test worker] com.zaxxer.hikari.HikariDataSource       : HikariPool-2 - Start completed.
2021-08-16 21:04:23.079  INFO 464 --- [    Test worker] o.hibernate.jpa.internal.util.LogHelper  : HHH000204: Processing PersistenceUnitInfo [
	name: default
	...]
2021-08-16 21:04:23.092  INFO 464 --- [    Test worker] org.hibernate.dialect.Dialect            : HHH000400: Using dialect: org.hibernate.dialect.MySQL5InnoDBDialect
Hibernate: drop table if exists posts
Hibernate: drop table if exists user
Hibernate: create table posts (id bigint not null auto_increment, create_date datetime, modified_date datetime, author varchar(255), content TEXT not null, title varchar(500) not null, primary key (id)) engine=InnoDB
Hibernate: create table user (id bigint not null auto_increment, create_date datetime, modified_date datetime, email varchar(255) not null, name varchar(255) not null, picture varchar(255), role varchar(255) not null, primary key (id)) engine=InnoDB
2021-08-16 21:04:23.152  INFO 464 --- [    Test worker] o.h.t.schema.internal.SchemaCreatorImpl  : HHH000476: Executing import script 'org.hibernate.tool.schema.internal.exec.ScriptSourceInputNonExistentImpl@2a06ee43'
2021-08-16 21:04:23.152  INFO 464 --- [    Test worker] j.LocalContainerEntityManagerFactoryBean : Initialized JPA EntityManagerFactory for persistence unit 'default'
2021-08-16 21:04:23.532  INFO 464 --- [    Test worker] o.h.h.i.QueryTranslatorFactoryInitiator  : HHH000397: Using ASTQueryTranslatorFactory
2021-08-16 21:04:23.720  INFO 464 --- [    Test worker] o.s.s.web.DefaultSecurityFilterChain     : Creating filter chain: any request, [org.springframework.security.web.context.request.async.WebAsyncManagerIntegrationFilter@10cbb6e9, org.springframework.security.web.context.SecurityContextPersistenceFilter@50994fc, org.springframework.security.web.header.HeaderWriterFilter@31c7cccf, org.springframework.security.web.authentication.logout.LogoutFilter@6da2b9f5, org.springframework.security.oauth2.client.web.OAuth2AuthorizationRequestRedirectFilter@26d85b70, org.springframework.security.oauth2.client.web.OAuth2LoginAuthenticationFilter@306544bf, org.springframework.security.web.authentication.ui.DefaultLoginPageGeneratingFilter@24c567e5, org.springframework.security.web.authentication.ui.DefaultLogoutPageGeneratingFilter@63b5d28b, org.springframework.security.web.savedrequest.RequestCacheAwareFilter@518303aa, org.springframework.security.web.servletapi.SecurityContextHolderAwareRequestFilter@5e2d0ce1, org.springframework.security.web.authentication.AnonymousAuthenticationFilter@7521656, org.springframework.security.web.session.SessionManagementFilter@41c77aa3, org.springframework.security.web.access.ExceptionTranslationFilter@4d9329ae, org.springframework.security.web.access.intercept.FilterSecurityInterceptor@58d57b00]
2021-08-16 21:04:23.915  INFO 464 --- [    Test worker] o.s.s.concurrent.ThreadPoolTaskExecutor  : Initializing ExecutorService 'applicationTaskExecutor'
2021-08-16 21:04:23.928  WARN 464 --- [    Test worker] aWebConfiguration$JpaWebMvcConfiguration : spring.jpa.open-in-view is enabled by default. Therefore, database queries may be performed during view rendering. Explicitly configure spring.jpa.open-in-view to disable this warning
2021-08-16 21:04:23.955  INFO 464 --- [    Test worker] o.s.b.a.w.s.WelcomePageHandlerMapping    : Adding welcome page template: index
2021-08-16 21:04:24.269  INFO 464 --- [    Test worker] s.a.ScheduledAnnotationBeanPostProcessor : No TaskScheduler/ScheduledExecutorService bean found for scheduled processing
2021-08-16 21:04:24.289  INFO 464 --- [    Test worker] o.s.b.w.embedded.tomcat.TomcatWebServer  : Tomcat started on port(s): 11227 (http) with context path ''
2021-08-16 21:04:24.290  INFO 464 --- [    Test worker] c.j.b.s.web.IndexControllerTest          : Started IndexControllerTest in 2.488 seconds (JVM running for 13.863)
2021-08-16 21:04:24.429  INFO 464 --- [o-auto-1-exec-1] o.a.c.c.C.[Tomcat].[localhost].[/]       : Initializing Spring DispatcherServlet 'dispatcherServlet'
2021-08-16 21:04:24.430  INFO 464 --- [o-auto-1-exec-1] o.s.web.servlet.DispatcherServlet        : Initializing Servlet 'dispatcherServlet'
2021-08-16 21:04:24.450  INFO 464 --- [o-auto-1-exec-1] o.s.web.servlet.DispatcherServlet        : Completed initialization in 20 ms
Hibernate: select posts0_.id as id1_0_, posts0_.create_date as create_d2_0_, posts0_.modified_date as modified3_0_, posts0_.author as author4_0_, posts0_.content as content5_0_, posts0_.title as title6_0_ from posts posts0_ order by posts0_.id DESC
<!DOCTYPE HTML>
<html>
<head>
    <title>스프링부트 웹서비스</title>
    <meta http-equiv="Content-Type" content="text/html; charset=UTF-8" />

    <link rel="stylesheet" href="https://stackpath.bootstrapcdn.com/bootstrap/4.3.1/css/bootstrap.min.css">
</head>
<body>
<h1>스프링 부트로 시작하는 웹 서비스 Ver.2</h1>
<div class="col-md-12">
    <div class="row">
        <div class="col-md-6">
            <a href="/posts/save" role="button" class="btn btn-primary">글 등록</a>
                <a href="/oauth2/authorization/google" class="btn btn-success active" role="button">Google Login</a>
                <a href="/oauth2/authorization/naver" class="btn btn-secondary active" role="button">Naver Login</a>
        </div>
    </div>
    <br>
    <!-- 목록 출력 영역 -->
    <table class="table table-horizontal table-bordered">
        <thead class="thead-strong">
        <tr>
            <th>게시글번호</th>
            <th>제목</th>
            <th>작성자</th>
            <th>최종수정일</th>
        </tr>
        </thead>
        <tbody id="tbody">
        </tbody>
    </table>
</div>
<script src="https://code.jquery.com/jquery-3.3.1.min.js"></script>
<script src="https://stackpath.bootstrapcdn.com/bootstrap/4.3.1/js/bootstrap.min.js"></script>

<!--index.js 추가-->
<script src="/js/app/index.js"></script>
</body>
</html>
]]></system-out>
  <system-err><![CDATA[]]></system-err>
</testsuite>
