<?xml version="1.0" encoding="UTF-8"?>
<testsuite name="com.jojoldu.book.springboot.web.HelloControllerTest" tests="2" skipped="0" failures="0" errors="0" timestamp="2021-08-17T10:03:04" hostname="DESKTOP-K0SRSIT" time="0.18">
  <properties/>
  <testcase name="hello가_리턴된다" classname="com.jojoldu.book.springboot.web.HelloControllerTest" time="0.08"/>
  <testcase name="helloDto가_리턴된다" classname="com.jojoldu.book.springboot.web.HelloControllerTest" time="0.1"/>
  <system-out><![CDATA[2021-08-17 19:03:03.038  INFO 24440 --- [    Test worker] .b.t.a.w.s.WebMvcTestContextBootstrapper : Neither @ContextConfiguration nor @ContextHierarchy found for test class [com.jojoldu.book.springboot.web.HelloControllerTest], using SpringBootContextLoader
2021-08-17 19:03:03.039  INFO 24440 --- [    Test worker] o.s.t.c.support.AbstractContextLoader    : Could not detect default resource locations for test class [com.jojoldu.book.springboot.web.HelloControllerTest]: no resource found for suffixes {-context.xml, Context.groovy}.
2021-08-17 19:03:03.039  INFO 24440 --- [    Test worker] t.c.s.AnnotationConfigContextLoaderUtils : Could not detect default configuration classes for test class [com.jojoldu.book.springboot.web.HelloControllerTest]: HelloControllerTest does not declare any static, non-private, non-final, nested classes annotated with @Configuration.
2021-08-17 19:03:03.065  INFO 24440 --- [    Test worker] .b.t.c.SpringBootTestContextBootstrapper : Found @SpringBootConfiguration com.jojoldu.book.springboot.Application for test class com.jojoldu.book.springboot.web.HelloControllerTest
2021-08-17 19:03:03.065  INFO 24440 --- [    Test worker] .b.t.a.w.s.WebMvcTestContextBootstrapper : Loaded default TestExecutionListener class names from location [META-INF/spring.factories]: [org.springframework.security.test.context.support.WithSecurityContextTestExecutionListener, org.springframework.security.test.context.support.ReactorContextTestExecutionListener, org.springframework.boot.test.autoconfigure.restdocs.RestDocsTestExecutionListener, org.springframework.boot.test.autoconfigure.web.client.MockRestServiceServerResetTestExecutionListener, org.springframework.boot.test.autoconfigure.web.servlet.MockMvcPrintOnlyOnFailureTestExecutionListener, org.springframework.boot.test.autoconfigure.web.servlet.WebDriverTestExecutionListener, org.springframework.boot.test.mock.mockito.MockitoTestExecutionListener, org.springframework.boot.test.mock.mockito.ResetMocksTestExecutionListener, org.springframework.test.context.web.ServletTestExecutionListener, org.springframework.test.context.support.DirtiesContextBeforeModesTestExecutionListener, org.springframework.test.context.support.DependencyInjectionTestExecutionListener, org.springframework.test.context.support.DirtiesContextTestExecutionListener, org.springframework.test.context.transaction.TransactionalTestExecutionListener, org.springframework.test.context.jdbc.SqlScriptsTestExecutionListener]
2021-08-17 19:03:03.066  INFO 24440 --- [    Test worker] .b.t.a.w.s.WebMvcTestContextBootstrapper : Using TestExecutionListeners: [org.springframework.test.context.web.ServletTestExecutionListener@4b5882a5, org.springframework.test.context.support.DirtiesContextBeforeModesTestExecutionListener@484bdd9d, org.springframework.boot.test.mock.mockito.MockitoTestExecutionListener@538f6b86, org.springframework.boot.test.autoconfigure.SpringBootDependencyInjectionTestExecutionListener@5538824, org.springframework.test.context.support.DirtiesContextTestExecutionListener@a917f81, org.springframework.test.context.transaction.TransactionalTestExecutionListener@1c20ec7b, org.springframework.test.context.jdbc.SqlScriptsTestExecutionListener@345b6722, org.springframework.security.test.context.support.WithSecurityContextTestExecutionListener@2d50cb25, org.springframework.security.test.context.support.ReactorContextTestExecutionListener@2cbcc479, org.springframework.boot.test.autoconfigure.restdocs.RestDocsTestExecutionListener@37e4b6a1, org.springframework.boot.test.autoconfigure.web.client.MockRestServiceServerResetTestExecutionListener@58e9a508, org.springframework.boot.test.autoconfigure.web.servlet.MockMvcPrintOnlyOnFailureTestExecutionListener@73cb44d3, org.springframework.boot.test.autoconfigure.web.servlet.WebDriverTestExecutionListener@399ed9df, org.springframework.boot.test.mock.mockito.ResetMocksTestExecutionListener@2bdd21f3]

  .   ____          _            __ _ _
 /\\ / ___'_ __ _ _(_)_ __  __ _ \ \ \ \
( ( )\___ | '_ | '_| | '_ \/ _` | \ \ \ \
 \\/  ___)| |_)| | | | | || (_| |  ) ) ) )
  '  |____| .__|_| |_|_| |_\__, | / / / /
 =========|_|==============|___/=/_/_/_/
 :: Spring Boot ::        (v2.1.7.RELEASE)

2021-08-17 19:03:03.113  INFO 24440 --- [    Test worker] c.j.b.s.web.HelloControllerTest          : Starting HelloControllerTest on DESKTOP-K0SRSIT with PID 24440 (started by 1 in C:\Users\1\Desktop\freelec-springboot2-webservice)
2021-08-17 19:03:03.113  INFO 24440 --- [    Test worker] c.j.b.s.web.HelloControllerTest          : No active profile set, falling back to default profiles: default
2021-08-17 19:03:03.694  INFO 24440 --- [    Test worker] o.s.s.concurrent.ThreadPoolTaskExecutor  : Initializing ExecutorService 'applicationTaskExecutor'
2021-08-17 19:03:03.751  INFO 24440 --- [    Test worker] o.s.b.a.w.s.WelcomePageHandlerMapping    : Adding welcome page template: index
2021-08-17 19:03:04.063  INFO 24440 --- [    Test worker] .s.s.UserDetailsServiceAutoConfiguration : 

Using generated security password: 6fcbb9a2-be2b-48c9-a5d0-e46228750084

2021-08-17 19:03:04.249  INFO 24440 --- [    Test worker] o.s.s.web.DefaultSecurityFilterChain     : Creating filter chain: any request, [org.springframework.security.web.context.request.async.WebAsyncManagerIntegrationFilter@5a573977, org.springframework.security.web.context.SecurityContextPersistenceFilter@751d8939, org.springframework.security.web.header.HeaderWriterFilter@5f956460, org.springframework.security.web.csrf.CsrfFilter@1398c868, org.springframework.security.web.authentication.logout.LogoutFilter@66cdfe1a, org.springframework.security.web.authentication.UsernamePasswordAuthenticationFilter@415252a7, org.springframework.security.web.authentication.ui.DefaultLoginPageGeneratingFilter@1d0a915f, org.springframework.security.web.authentication.ui.DefaultLogoutPageGeneratingFilter@4f06c35e, org.springframework.security.web.authentication.www.BasicAuthenticationFilter@167ea0b6, org.springframework.security.web.savedrequest.RequestCacheAwareFilter@3a63090d, org.springframework.security.web.servletapi.SecurityContextHolderAwareRequestFilter@4e21dc45, org.springframework.security.web.authentication.AnonymousAuthenticationFilter@2c1ea118, org.springframework.security.web.session.SessionManagementFilter@a1b3c72, org.springframework.security.web.access.ExceptionTranslationFilter@8c8ff28, org.springframework.security.web.access.intercept.FilterSecurityInterceptor@4e863331]
2021-08-17 19:03:04.298  INFO 24440 --- [    Test worker] o.s.b.t.m.w.SpringBootMockServletContext : Initializing Spring TestDispatcherServlet ''
2021-08-17 19:03:04.299  INFO 24440 --- [    Test worker] o.s.t.web.servlet.TestDispatcherServlet  : Initializing Servlet ''
2021-08-17 19:03:04.314  INFO 24440 --- [    Test worker] o.s.t.web.servlet.TestDispatcherServlet  : Completed initialization in 15 ms
2021-08-17 19:03:04.358  INFO 24440 --- [    Test worker] c.j.b.s.web.HelloControllerTest          : Started HelloControllerTest in 1.289 seconds (JVM running for 11.745)
]]></system-out>
  <system-err><![CDATA[]]></system-err>
</testsuite>
