<?xml version="1.0" encoding="UTF-8"?>
<testsuite name="com.jojoldu.book.springboot.web.HelloControllerTest" tests="2" skipped="0" failures="0" errors="0" timestamp="2021-08-16T12:04:21" hostname="DESKTOP-K0SRSIT" time="0.234">
  <properties/>
  <testcase name="hello가_리턴된다" classname="com.jojoldu.book.springboot.web.HelloControllerTest" time="0.096"/>
  <testcase name="helloDto가_리턴된다" classname="com.jojoldu.book.springboot.web.HelloControllerTest" time="0.138"/>
  <system-out><![CDATA[2021-08-16 21:04:20.459  INFO 464 --- [    Test worker] .b.t.a.w.s.WebMvcTestContextBootstrapper : Neither @ContextConfiguration nor @ContextHierarchy found for test class [com.jojoldu.book.springboot.web.HelloControllerTest], using SpringBootContextLoader
2021-08-16 21:04:20.460  INFO 464 --- [    Test worker] o.s.t.c.support.AbstractContextLoader    : Could not detect default resource locations for test class [com.jojoldu.book.springboot.web.HelloControllerTest]: no resource found for suffixes {-context.xml, Context.groovy}.
2021-08-16 21:04:20.460  INFO 464 --- [    Test worker] t.c.s.AnnotationConfigContextLoaderUtils : Could not detect default configuration classes for test class [com.jojoldu.book.springboot.web.HelloControllerTest]: HelloControllerTest does not declare any static, non-private, non-final, nested classes annotated with @Configuration.
2021-08-16 21:04:20.488  INFO 464 --- [    Test worker] .b.t.c.SpringBootTestContextBootstrapper : Found @SpringBootConfiguration com.jojoldu.book.springboot.Application for test class com.jojoldu.book.springboot.web.HelloControllerTest
2021-08-16 21:04:20.488  INFO 464 --- [    Test worker] .b.t.a.w.s.WebMvcTestContextBootstrapper : Loaded default TestExecutionListener class names from location [META-INF/spring.factories]: [org.springframework.security.test.context.support.WithSecurityContextTestExecutionListener, org.springframework.security.test.context.support.ReactorContextTestExecutionListener, org.springframework.boot.test.autoconfigure.restdocs.RestDocsTestExecutionListener, org.springframework.boot.test.autoconfigure.web.client.MockRestServiceServerResetTestExecutionListener, org.springframework.boot.test.autoconfigure.web.servlet.MockMvcPrintOnlyOnFailureTestExecutionListener, org.springframework.boot.test.autoconfigure.web.servlet.WebDriverTestExecutionListener, org.springframework.boot.test.mock.mockito.MockitoTestExecutionListener, org.springframework.boot.test.mock.mockito.ResetMocksTestExecutionListener, org.springframework.test.context.web.ServletTestExecutionListener, org.springframework.test.context.support.DirtiesContextBeforeModesTestExecutionListener, org.springframework.test.context.support.DependencyInjectionTestExecutionListener, org.springframework.test.context.support.DirtiesContextTestExecutionListener, org.springframework.test.context.transaction.TransactionalTestExecutionListener, org.springframework.test.context.jdbc.SqlScriptsTestExecutionListener]
2021-08-16 21:04:20.489  INFO 464 --- [    Test worker] .b.t.a.w.s.WebMvcTestContextBootstrapper : Using TestExecutionListeners: [org.springframework.test.context.web.ServletTestExecutionListener@5f0f7745, org.springframework.test.context.support.DirtiesContextBeforeModesTestExecutionListener@7a654aaf, org.springframework.boot.test.mock.mockito.MockitoTestExecutionListener@330602a1, org.springframework.boot.test.autoconfigure.SpringBootDependencyInjectionTestExecutionListener@20f5f78d, org.springframework.test.context.support.DirtiesContextTestExecutionListener@4e41989, org.springframework.test.context.transaction.TransactionalTestExecutionListener@54040b88, org.springframework.test.context.jdbc.SqlScriptsTestExecutionListener@579418a3, org.springframework.security.test.context.support.WithSecurityContextTestExecutionListener@5852d443, org.springframework.security.test.context.support.ReactorContextTestExecutionListener@7cdea691, org.springframework.boot.test.autoconfigure.restdocs.RestDocsTestExecutionListener@8f2aac9, org.springframework.boot.test.autoconfigure.web.client.MockRestServiceServerResetTestExecutionListener@7fd4ea74, org.springframework.boot.test.autoconfigure.web.servlet.MockMvcPrintOnlyOnFailureTestExecutionListener@31eac901, org.springframework.boot.test.autoconfigure.web.servlet.WebDriverTestExecutionListener@38090b83, org.springframework.boot.test.mock.mockito.ResetMocksTestExecutionListener@25b04aa9]

  .   ____          _            __ _ _
 /\\ / ___'_ __ _ _(_)_ __  __ _ \ \ \ \
( ( )\___ | '_ | '_| | '_ \/ _` | \ \ \ \
 \\/  ___)| |_)| | | | | || (_| |  ) ) ) )
  '  |____| .__|_| |_|_| |_\__, | / / / /
 =========|_|==============|___/=/_/_/_/
 :: Spring Boot ::        (v2.1.7.RELEASE)

2021-08-16 21:04:20.525  INFO 464 --- [    Test worker] c.j.b.s.web.HelloControllerTest          : Starting HelloControllerTest on DESKTOP-K0SRSIT with PID 464 (started by 1 in C:\Users\1\Desktop\freelec-springboot2-webservice)
2021-08-16 21:04:20.526  INFO 464 --- [    Test worker] c.j.b.s.web.HelloControllerTest          : No active profile set, falling back to default profiles: default
2021-08-16 21:04:20.986  INFO 464 --- [    Test worker] o.s.s.concurrent.ThreadPoolTaskExecutor  : Initializing ExecutorService 'applicationTaskExecutor'
2021-08-16 21:04:21.018  INFO 464 --- [    Test worker] o.s.b.a.w.s.WelcomePageHandlerMapping    : Adding welcome page template: index
2021-08-16 21:04:21.225  INFO 464 --- [    Test worker] .s.s.UserDetailsServiceAutoConfiguration : 

Using generated security password: 45c41de6-9b47-4488-9b59-a550582c41c3

2021-08-16 21:04:21.444  INFO 464 --- [    Test worker] o.s.s.web.DefaultSecurityFilterChain     : Creating filter chain: any request, [org.springframework.security.web.context.request.async.WebAsyncManagerIntegrationFilter@429caf94, org.springframework.security.web.context.SecurityContextPersistenceFilter@1ca7b371, org.springframework.security.web.header.HeaderWriterFilter@607163bd, org.springframework.security.web.csrf.CsrfFilter@3c0ff742, org.springframework.security.web.authentication.logout.LogoutFilter@7dbeb69d, org.springframework.security.web.authentication.UsernamePasswordAuthenticationFilter@3d7a3050, org.springframework.security.web.authentication.ui.DefaultLoginPageGeneratingFilter@8307298, org.springframework.security.web.authentication.ui.DefaultLogoutPageGeneratingFilter@f9ea391, org.springframework.security.web.authentication.www.BasicAuthenticationFilter@3cc7f167, org.springframework.security.web.savedrequest.RequestCacheAwareFilter@79426a45, org.springframework.security.web.servletapi.SecurityContextHolderAwareRequestFilter@1245925b, org.springframework.security.web.authentication.AnonymousAuthenticationFilter@cd127cc, org.springframework.security.web.session.SessionManagementFilter@23072d16, org.springframework.security.web.access.ExceptionTranslationFilter@7d530a7a, org.springframework.security.web.access.intercept.FilterSecurityInterceptor@46e87e32]
2021-08-16 21:04:21.495  INFO 464 --- [    Test worker] o.s.b.t.m.w.SpringBootMockServletContext : Initializing Spring TestDispatcherServlet ''
2021-08-16 21:04:21.495  INFO 464 --- [    Test worker] o.s.t.web.servlet.TestDispatcherServlet  : Initializing Servlet ''
2021-08-16 21:04:21.515  INFO 464 --- [    Test worker] o.s.t.web.servlet.TestDispatcherServlet  : Completed initialization in 20 ms
2021-08-16 21:04:21.553  INFO 464 --- [    Test worker] c.j.b.s.web.HelloControllerTest          : Started HelloControllerTest in 1.061 seconds (JVM running for 11.127)
]]></system-out>
  <system-err><![CDATA[]]></system-err>
</testsuite>
