<?xml version="1.0" encoding="UTF-8"?>
<testsuite name="com.jojoldu.book.springboot.web.HelloControllerTest" tests="2" skipped="0" failures="0" errors="0" timestamp="2021-08-22T11:16:50" hostname="DESKTOP-K0SRSIT" time="0.171">
  <properties/>
  <testcase name="hello가_리턴된다" classname="com.jojoldu.book.springboot.web.HelloControllerTest" time="0.072"/>
  <testcase name="helloDto가_리턴된다" classname="com.jojoldu.book.springboot.web.HelloControllerTest" time="0.098"/>
  <system-out><![CDATA[2021-08-22 20:16:49.962  INFO 13976 --- [    Test worker] .b.t.a.w.s.WebMvcTestContextBootstrapper : Neither @ContextConfiguration nor @ContextHierarchy found for test class [com.jojoldu.book.springboot.web.HelloControllerTest], using SpringBootContextLoader
2021-08-22 20:16:49.963  INFO 13976 --- [    Test worker] o.s.t.c.support.AbstractContextLoader    : Could not detect default resource locations for test class [com.jojoldu.book.springboot.web.HelloControllerTest]: no resource found for suffixes {-context.xml, Context.groovy}.
2021-08-22 20:16:49.963  INFO 13976 --- [    Test worker] t.c.s.AnnotationConfigContextLoaderUtils : Could not detect default configuration classes for test class [com.jojoldu.book.springboot.web.HelloControllerTest]: HelloControllerTest does not declare any static, non-private, non-final, nested classes annotated with @Configuration.
2021-08-22 20:16:49.992  INFO 13976 --- [    Test worker] .b.t.c.SpringBootTestContextBootstrapper : Found @SpringBootConfiguration com.jojoldu.book.springboot.Application for test class com.jojoldu.book.springboot.web.HelloControllerTest
2021-08-22 20:16:49.993  INFO 13976 --- [    Test worker] .b.t.a.w.s.WebMvcTestContextBootstrapper : Loaded default TestExecutionListener class names from location [META-INF/spring.factories]: [org.springframework.security.test.context.support.WithSecurityContextTestExecutionListener, org.springframework.security.test.context.support.ReactorContextTestExecutionListener, org.springframework.boot.test.autoconfigure.restdocs.RestDocsTestExecutionListener, org.springframework.boot.test.autoconfigure.web.client.MockRestServiceServerResetTestExecutionListener, org.springframework.boot.test.autoconfigure.web.servlet.MockMvcPrintOnlyOnFailureTestExecutionListener, org.springframework.boot.test.autoconfigure.web.servlet.WebDriverTestExecutionListener, org.springframework.boot.test.mock.mockito.MockitoTestExecutionListener, org.springframework.boot.test.mock.mockito.ResetMocksTestExecutionListener, org.springframework.test.context.web.ServletTestExecutionListener, org.springframework.test.context.support.DirtiesContextBeforeModesTestExecutionListener, org.springframework.test.context.support.DependencyInjectionTestExecutionListener, org.springframework.test.context.support.DirtiesContextTestExecutionListener, org.springframework.test.context.transaction.TransactionalTestExecutionListener, org.springframework.test.context.jdbc.SqlScriptsTestExecutionListener]
2021-08-22 20:16:49.994  INFO 13976 --- [    Test worker] .b.t.a.w.s.WebMvcTestContextBootstrapper : Using TestExecutionListeners: [org.springframework.test.context.web.ServletTestExecutionListener@49722677, org.springframework.test.context.support.DirtiesContextBeforeModesTestExecutionListener@208bdb1f, org.springframework.boot.test.mock.mockito.MockitoTestExecutionListener@296bb19f, org.springframework.boot.test.autoconfigure.SpringBootDependencyInjectionTestExecutionListener@907f88c, org.springframework.test.context.support.DirtiesContextTestExecutionListener@519e3645, org.springframework.test.context.transaction.TransactionalTestExecutionListener@2f334c4a, org.springframework.test.context.jdbc.SqlScriptsTestExecutionListener@5b20f77a, org.springframework.security.test.context.support.WithSecurityContextTestExecutionListener@6d55a70a, org.springframework.security.test.context.support.ReactorContextTestExecutionListener@4dd988fb, org.springframework.boot.test.autoconfigure.restdocs.RestDocsTestExecutionListener@78bdcc16, org.springframework.boot.test.autoconfigure.web.client.MockRestServiceServerResetTestExecutionListener@247a7f5c, org.springframework.boot.test.autoconfigure.web.servlet.MockMvcPrintOnlyOnFailureTestExecutionListener@6457e12e, org.springframework.boot.test.autoconfigure.web.servlet.WebDriverTestExecutionListener@6548230f, org.springframework.boot.test.mock.mockito.ResetMocksTestExecutionListener@73039ecc]

  .   ____          _            __ _ _
 /\\ / ___'_ __ _ _(_)_ __  __ _ \ \ \ \
( ( )\___ | '_ | '_| | '_ \/ _` | \ \ \ \
 \\/  ___)| |_)| | | | | || (_| |  ) ) ) )
  '  |____| .__|_| |_|_| |_\__, | / / / /
 =========|_|==============|___/=/_/_/_/
 :: Spring Boot ::        (v2.1.7.RELEASE)

2021-08-22 20:16:50.033  INFO 13976 --- [    Test worker] c.j.b.s.web.HelloControllerTest          : Starting HelloControllerTest on DESKTOP-K0SRSIT with PID 13976 (started by 1 in C:\Users\1\Desktop\freelec-springboot2-webservice)
2021-08-22 20:16:50.034  INFO 13976 --- [    Test worker] c.j.b.s.web.HelloControllerTest          : No active profile set, falling back to default profiles: default
2021-08-22 20:16:50.492  INFO 13976 --- [    Test worker] o.s.s.concurrent.ThreadPoolTaskExecutor  : Initializing ExecutorService 'applicationTaskExecutor'
2021-08-22 20:16:50.527  INFO 13976 --- [    Test worker] o.s.b.a.w.s.WelcomePageHandlerMapping    : Adding welcome page template: index
2021-08-22 20:16:50.724  INFO 13976 --- [    Test worker] .s.s.UserDetailsServiceAutoConfiguration : 

Using generated security password: 53192825-ee90-4667-849b-2ad1152155dd

2021-08-22 20:16:50.862  INFO 13976 --- [    Test worker] o.s.s.web.DefaultSecurityFilterChain     : Creating filter chain: any request, [org.springframework.security.web.context.request.async.WebAsyncManagerIntegrationFilter@48a45dd0, org.springframework.security.web.context.SecurityContextPersistenceFilter@20145d40, org.springframework.security.web.header.HeaderWriterFilter@31f73550, org.springframework.security.web.csrf.CsrfFilter@3229f73c, org.springframework.security.web.authentication.logout.LogoutFilter@721a20b9, org.springframework.security.web.authentication.UsernamePasswordAuthenticationFilter@6e7d7ad8, org.springframework.security.web.authentication.ui.DefaultLoginPageGeneratingFilter@57956ca3, org.springframework.security.web.authentication.ui.DefaultLogoutPageGeneratingFilter@61b6b161, org.springframework.security.web.authentication.www.BasicAuthenticationFilter@4c221ea8, org.springframework.security.web.savedrequest.RequestCacheAwareFilter@4661b185, org.springframework.security.web.servletapi.SecurityContextHolderAwareRequestFilter@4eb441ac, org.springframework.security.web.authentication.AnonymousAuthenticationFilter@3d3d34a1, org.springframework.security.web.session.SessionManagementFilter@4c1ab445, org.springframework.security.web.access.ExceptionTranslationFilter@324a8b2c, org.springframework.security.web.access.intercept.FilterSecurityInterceptor@5501e587]
2021-08-22 20:16:50.897  INFO 13976 --- [    Test worker] o.s.b.t.m.w.SpringBootMockServletContext : Initializing Spring TestDispatcherServlet ''
2021-08-22 20:16:50.897  INFO 13976 --- [    Test worker] o.s.t.web.servlet.TestDispatcherServlet  : Initializing Servlet ''
2021-08-22 20:16:50.909  INFO 13976 --- [    Test worker] o.s.t.web.servlet.TestDispatcherServlet  : Completed initialization in 12 ms
2021-08-22 20:16:50.937  INFO 13976 --- [    Test worker] c.j.b.s.web.HelloControllerTest          : Started HelloControllerTest in 0.941 seconds (JVM running for 10.149)
]]></system-out>
  <system-err><![CDATA[]]></system-err>
</testsuite>
