<?xml version="1.0" encoding="UTF-8"?>
<testsuite name="com.jojoldu.book.springboot.web.ProfileControllerTest" tests="1" skipped="0" failures="0" errors="0" timestamp="2021-08-22T11:16:53" hostname="DESKTOP-K0SRSIT" time="0.009">
  <properties/>
  <testcase name="profile은_인증없이_호출된다" classname="com.jojoldu.book.springboot.web.ProfileControllerTest" time="0.009"/>
  <system-out><![CDATA[2021-08-22 20:16:53.669  INFO 13976 --- [    Test worker] .b.t.c.SpringBootTestContextBootstrapper : Neither @ContextConfiguration nor @ContextHierarchy found for test class [com.jojoldu.book.springboot.web.ProfileControllerTest], using SpringBootContextLoader
2021-08-22 20:16:53.670  INFO 13976 --- [    Test worker] o.s.t.c.support.AbstractContextLoader    : Could not detect default resource locations for test class [com.jojoldu.book.springboot.web.ProfileControllerTest]: no resource found for suffixes {-context.xml, Context.groovy}.
2021-08-22 20:16:53.670  INFO 13976 --- [    Test worker] t.c.s.AnnotationConfigContextLoaderUtils : Could not detect default configuration classes for test class [com.jojoldu.book.springboot.web.ProfileControllerTest]: ProfileControllerTest does not declare any static, non-private, non-final, nested classes annotated with @Configuration.
2021-08-22 20:16:53.671  INFO 13976 --- [    Test worker] .b.t.c.SpringBootTestContextBootstrapper : Found @SpringBootConfiguration com.jojoldu.book.springboot.Application for test class com.jojoldu.book.springboot.web.ProfileControllerTest
2021-08-22 20:16:53.672  INFO 13976 --- [    Test worker] .b.t.c.SpringBootTestContextBootstrapper : Loaded default TestExecutionListener class names from location [META-INF/spring.factories]: [org.springframework.security.test.context.support.WithSecurityContextTestExecutionListener, org.springframework.security.test.context.support.ReactorContextTestExecutionListener, org.springframework.boot.test.autoconfigure.restdocs.RestDocsTestExecutionListener, org.springframework.boot.test.autoconfigure.web.client.MockRestServiceServerResetTestExecutionListener, org.springframework.boot.test.autoconfigure.web.servlet.MockMvcPrintOnlyOnFailureTestExecutionListener, org.springframework.boot.test.autoconfigure.web.servlet.WebDriverTestExecutionListener, org.springframework.boot.test.mock.mockito.MockitoTestExecutionListener, org.springframework.boot.test.mock.mockito.ResetMocksTestExecutionListener, org.springframework.test.context.web.ServletTestExecutionListener, org.springframework.test.context.support.DirtiesContextBeforeModesTestExecutionListener, org.springframework.test.context.support.DependencyInjectionTestExecutionListener, org.springframework.test.context.support.DirtiesContextTestExecutionListener, org.springframework.test.context.transaction.TransactionalTestExecutionListener, org.springframework.test.context.jdbc.SqlScriptsTestExecutionListener]
2021-08-22 20:16:53.673  INFO 13976 --- [    Test worker] .b.t.c.SpringBootTestContextBootstrapper : Using TestExecutionListeners: [org.springframework.test.context.web.ServletTestExecutionListener@de4dae7, org.springframework.test.context.support.DirtiesContextBeforeModesTestExecutionListener@40369fda, org.springframework.boot.test.mock.mockito.MockitoTestExecutionListener@50fa8203, org.springframework.boot.test.autoconfigure.SpringBootDependencyInjectionTestExecutionListener@1d9d7749, org.springframework.test.context.support.DirtiesContextTestExecutionListener@3685a5ff, org.springframework.test.context.transaction.TransactionalTestExecutionListener@42b924ba, org.springframework.test.context.jdbc.SqlScriptsTestExecutionListener@46d74c74, org.springframework.security.test.context.support.WithSecurityContextTestExecutionListener@30065cd8, org.springframework.security.test.context.support.ReactorContextTestExecutionListener@2bb7bd7a, org.springframework.boot.test.autoconfigure.restdocs.RestDocsTestExecutionListener@2020c042, org.springframework.boot.test.autoconfigure.web.client.MockRestServiceServerResetTestExecutionListener@5c688cde, org.springframework.boot.test.autoconfigure.web.servlet.MockMvcPrintOnlyOnFailureTestExecutionListener@5e0afb17, org.springframework.boot.test.autoconfigure.web.servlet.WebDriverTestExecutionListener@4840d1c1, org.springframework.boot.test.mock.mockito.ResetMocksTestExecutionListener@6ec43a5b]
]]></system-out>
  <system-err><![CDATA[]]></system-err>
</testsuite>
